{"level":"info","endpoint":"localhost:3900","bucket":"logs","interval":300000,"time":"2026-05-05T09:12:49+07:00","message":"Starting upload worker"}
{"level":"info","port":"3000","environment":"development","time":"2026-05-05T09:12:49+07:00","message":"Starting server"}
{"level":"info","count":1,"time":"2026-05-05T09:12:49+07:00","message":"Processing upload batch"}
{"level":"error","error":"s3 upload failed: Put \"http://localhost:3900/logs/mangosteen/app-2026-05-01-10.log\": dial tcp [::1]:3900: connect: connection refused","file":"logs/app-2026-05-01-10.log","time":"2026-05-05T09:12:54+07:00","message":"Upload failed"}
{"level":"info","time":"2026-05-05T09:13:42+07:00","message":"Shutting down gracefully..."}
{"level":"info","time":"2026-05-05T09:13:42+07:00","message":"Stopping upload worker"}
{"level":"info","endpoint":"localhost:3900","bucket":"logs","interval":300000,"time":"2026-05-05T09:13:43+07:00","message":"Starting upload worker"}
{"level":"info","port":"3000","environment":"development","time":"2026-05-05T09:13:43+07:00","message":"Starting server"}
{"level":"info","count":1,"time":"2026-05-05T09:13:43+07:00","message":"Processing upload batch"}
{"level":"error","error":"s3 upload failed: Put \"http://localhost:3900/logs/mangosteen/app-2026-05-01-10.log\": dial tcp [::1]:3900: connect: connection refused","file":"logs/app-2026-05-01-10.log","time":"2026-05-05T09:13:47+07:00","message":"Upload failed"}
{"level":"info","time":"2026-05-05T09:14:09+07:00","message":"Shutting down gracefully..."}
{"level":"info","time":"2026-05-05T09:14:09+07:00","message":"Stopping upload worker"}
{"level":"info","endpoint":"localhost:3900","bucket":"logs","interval":300000,"time":"2026-05-05T09:14:26+07:00","message":"Starting upload worker"}
{"level":"info","port":"3000","environment":"development","time":"2026-05-05T09:14:26+07:00","message":"Starting server"}
{"level":"info","count":1,"time":"2026-05-05T09:14:26+07:00","message":"Processing upload batch"}
{"level":"error","error":"s3 upload failed: Put \"http://localhost:3900/logs/mangosteen/app-2026-05-01-10.log\": dial tcp [::1]:3900: connect: connection refused","file":"logs/app-2026-05-01-10.log","time":"2026-05-05T09:14:31+07:00","message":"Upload failed"}
{"level":"info","time":"2026-05-05T09:19:41+07:00","message":"Shutting down gracefully..."}
{"level":"info","time":"2026-05-05T09:19:41+07:00","message":"Stopping upload worker"}
{"level":"info","endpoint":"localhost:3900","bucket":"logs","interval":300000,"time":"2026-05-05T09:19:45+07:00","message":"Starting upload worker"}
{"level":"info","port":"3000","environment":"development","time":"2026-05-05T09:19:45+07:00","message":"Starting server"}
{"level":"info","time":"2026-05-05T09:20:18+07:00","message":"Shutting down gracefully..."}
{"level":"info","time":"2026-05-05T09:20:18+07:00","message":"Stopping upload worker"}
{"level":"info","endpoint":"localhost:3900","bucket":"logs","interval":300000,"time":"2026-05-05T09:20:41+07:00","message":"Starting upload worker"}
{"level":"info","port":"3000","environment":"development","time":"2026-05-05T09:20:41+07:00","message":"Starting server"}
{"level":"info","time":"2026-05-05T09:22:49+07:00","message":"Shutting down gracefully..."}
{"level":"info","time":"2026-05-05T09:22:49+07:00","message":"Stopping upload worker"}
{"level":"info","port":"4000","environment":"development","time":"2026-05-05T09:22:57+07:00","message":"Starting server"}
{"level":"info","time":"2026-05-05T09:22:59+07:00","message":"Shutting down gracefully..."}
{"level":"info","port":"4000","environment":"development","time":"2026-05-05T09:46:18+07:00","message":"Starting server"}
{"level":"info","time":"2026-05-05T09:46:21+07:00","message":"Shutting down gracefully..."}
{"level":"info","port":"4000","environment":"development","time":"2026-05-05T09:46:29+07:00","message":"Starting server"}
{"level":"info","method":"GET","path":"/admin/login","status":200,"duration":0.243214,"ip":"127.0.0.1","time":"2026-05-05T09:46:31+07:00","message":"HTTP request"}
{"level":"info","method":"GET","path":"/admin/users","status":302,"duration":0.003387,"ip":"127.0.0.1","time":"2026-05-05T09:46:31+07:00","message":"HTTP request"}
{"level":"info","time":"2026-05-05T09:46:49+07:00","message":"Shutting down gracefully..."}
